<?xml version="1.0" encoding="UTF-8"?>
<!-- Generated by org.testng.reporters.JUnitReportReporter -->
<testsuite skipped="0" hostname="DESKTOP-MBU863S" name="examples.more.ChromeHeadlessDemo" tests="1" failures="0" timestamp="18 Jul 2019 06:51:12 GMT" time="0.134" errors="0">
  <testcase name="chromeHeadlessTest" time="0.134" classname="examples.more.ChromeHeadlessDemo"/>
</testsuite> <!-- examples.more.ChromeHeadlessDemo -->
