<?xml version="1.0" encoding="UTF-8"?>
<!-- Generated by org.testng.reporters.JUnitReportReporter -->
<testsuite skipped="0" hostname="DESKTOP-MBU863S" name="examples.more.FluentWaitDemo" tests="1" failures="0" timestamp="17 Jul 2019 08:47:27 GMT" time="2.159" errors="0">
  <testcase name="testFluentWait" time="2.159" classname="examples.more.FluentWaitDemo"/>
</testsuite> <!-- examples.more.FluentWaitDemo -->
