<?xml version="1.0" encoding="UTF-8"?>
<!-- Generated by org.testng.reporters.JUnitReportReporter -->
<testsuite skipped="0" hostname="DESKTOP-MBU863S" name="examples.advanced.RelativeXpathDemo" tests="1" failures="0" timestamp="17 Jul 2019 07:47:02 GMT" time="8.027" errors="0">
  <testcase name="SearchAndAssertTheFirstResultText" time="8.027" classname="examples.advanced.RelativeXpathDemo"/>
</testsuite> <!-- examples.advanced.RelativeXpathDemo -->
