<?xml version="1.0" encoding="UTF-8"?>
<!-- Generated by org.testng.reporters.JUnitReportReporter -->
<testsuite skipped="0" hostname="Mahmouds-MacBook-Pro.local" name="tests.POM_GoogleSearchTest" tests="2" failures="0" timestamp="16 Jul 2019 09:22:58 GMT" time="6.704" errors="0">
  <testcase name="NavigateToGoogleAndAssertPageTitle" time="2.735" classname="tests.POM_GoogleSearchTest"/>
  <testcase name="SearchAndAssertTheFirstResultText" time="3.969" classname="tests.POM_GoogleSearchTest"/>
</testsuite> <!-- tests.POM_GoogleSearchTest -->
