<?xml version="1.0" encoding="UTF-8"?>
<!-- Generated by org.testng.reporters.JUnitReportReporter -->
<testsuite skipped="0" hostname="Mahmouds-MacBook-Pro.local" name="examples.more.WebTablesDemo" tests="1" failures="0" timestamp="17 Jul 2019 12:07:15 GMT" time="0.539" errors="0">
  <testcase name="webTable" time="0.539" classname="examples.more.WebTablesDemo"/>
</testsuite> <!-- examples.more.WebTablesDemo -->
