<?xml version="1.0" encoding="UTF-8"?>
<!-- Generated by org.testng.reporters.JUnitReportReporter -->
<testsuite skipped="0" hostname="Mahmouds-MacBook-Pro.local" name="examples.more.PromptAlertDemo" tests="2" failures="0" timestamp="17 Jul 2019 13:28:02 GMT" time="0.379" errors="0">
  <testcase name="promptDialogAcceptTest" time="0.236" classname="examples.more.PromptAlertDemo"/>
  <testcase name="promptDialogDismissTest" time="0.143" classname="examples.more.PromptAlertDemo"/>
</testsuite> <!-- examples.more.PromptAlertDemo -->
