<?xml version="1.0" encoding="UTF-8"?>
<!-- Generated by org.testng.reporters.JUnitReportReporter -->
<testsuite skipped="0" hostname="DESKTOP-MBU863S" name="examples.more.CrossBrowserDemo" tests="2" failures="0" timestamp="18 Jul 2019 06:43:44 GMT" time="7.690" errors="0">
  <testcase name="crossBrowserTest" time="5.051" classname="examples.more.CrossBrowserDemo"/>
  <testcase name="crossBrowserTest" time="2.639" classname="examples.more.CrossBrowserDemo"/>
</testsuite> <!-- examples.more.CrossBrowserDemo -->
