<?xml version="1.0" encoding="UTF-8"?>
<!-- Generated by org.testng.reporters.JUnitReportReporter -->
<testsuite skipped="0" hostname="Mahmouds-MacBook-Pro.local" name="examples.more.ConfirmAlertDemo" tests="2" failures="0" timestamp="17 Jul 2019 13:18:53 GMT" time="0.449" errors="0">
  <testcase name="confirmDialogDismiss" time="0.221" classname="examples.more.ConfirmAlertDemo"/>
  <testcase name="confirmDialogAccept" time="0.228" classname="examples.more.ConfirmAlertDemo"/>
</testsuite> <!-- examples.more.ConfirmAlertDemo -->
