<?xml version="1.0" encoding="UTF-8"?>
<!-- Generated by org.testng.reporters.JUnitReportReporter -->
<testsuite skipped="0" hostname="Mahmouds-MacBook-Pro.local" name="assignments.Assignment2" tests="2" failures="0" timestamp="16 Jul 2019 10:21:55 GMT" time="10.770" errors="0">
  <testcase name="Registration" time="5.276" classname="assignments.Assignment2"/>
  <testcase name="login" time="5.494" classname="assignments.Assignment2"/>
</testsuite> <!-- assignments.Assignment2 -->
