<?xml version="1.0" encoding="UTF-8"?>
<!-- Generated by org.testng.reporters.JUnitReportReporter -->
<testsuite skipped="0" hostname="Mahmouds-MacBook-Pro.local" name="examples.more.MouseHoverDemo" tests="1" failures="0" timestamp="17 Jul 2019 12:38:02 GMT" time="0.273" errors="0">
  <testcase name="mousehover" time="0.273" classname="examples.more.MouseHoverDemo"/>
</testsuite> <!-- examples.more.MouseHoverDemo -->
