<?xml version="1.0" encoding="UTF-8"?>
<!-- Generated by org.testng.reporters.JUnitReportReporter -->
<testsuite skipped="0" hostname="DESKTOP-MBU863S" name="pom.tests.POM_GoogleSearchTest" tests="2" failures="0" timestamp="18 Jul 2019 04:57:01 GMT" time="3.569" errors="0">
  <testcase name="SearchAndAssertTheFirstResultText" time="2.010" classname="pom.tests.POM_GoogleSearchTest"/>
  <testcase name="NavigateToGoogleAndAssertPageTitle" time="1.559" classname="pom.tests.POM_GoogleSearchTest"/>
</testsuite> <!-- pom.tests.POM_GoogleSearchTest -->
