<?xml version="1.0" encoding="UTF-8"?>
<!-- Generated by org.testng.reporters.JUnitReportReporter -->
<testsuite skipped="0" hostname="DESKTOP-MBU863S" name="examples.more.FileDownloadWithChromeOptionsDemo" tests="1" failures="0" timestamp="18 Jul 2019 05:45:13 GMT" time="3.369" errors="0">
  <testcase name="testDownloadFile" time="3.369" classname="examples.more.FileDownloadWithChromeOptionsDemo"/>
</testsuite> <!-- examples.more.FileDownloadWithChromeOptionsDemo -->
