<?xml version="1.0" encoding="UTF-8"?>
<!-- Generated by org.testng.reporters.JUnitReportReporter -->
<testsuite skipped="0" hostname="Mahmouds-MacBook-Pro.local" name="tests.ConfirmIncortaFirstResultTest" tests="2" failures="0" timestamp="16 Jul 2019 08:55:58 GMT" time="6.859" errors="0">
  <testcase name="NavigateToGoogleAndAssertPageTitle" time="1.006" classname="tests.ConfirmIncortaFirstResultTest"/>
  <testcase name="SearchForIncortaAndAssertTheFirstResultText" time="5.853" classname="tests.ConfirmIncortaFirstResultTest"/>
</testsuite> <!-- tests.ConfirmIncortaFirstResultTest -->
