<?xml version="1.0" encoding="UTF-8"?>
<!-- Generated by org.testng.reporters.JUnitReportReporter -->
<testsuite skipped="0" hostname="DESKTOP-MBU863S" name="examples.more.DownloadFileWithFireFoxOptionsDemo" tests="1" failures="0" timestamp="18 Jul 2019 05:55:17 GMT" time="8.303" errors="0">
  <testcase name="TestDownloadFile" time="8.303" classname="examples.more.DownloadFileWithFireFoxOptionsDemo"/>
</testsuite> <!-- examples.more.DownloadFileWithFireFoxOptionsDemo -->
