<?xml version="1.0" encoding="UTF-8"?>
<!-- Generated by org.testng.reporters.JUnitReportReporter -->
<testsuite skipped="0" hostname="Mahmouds-MacBook-Pro.local" name="practice.AssertEqualsTest" tests="1" failures="0" timestamp="07 Jul 2019 08:43:24 GMT" time="0.016" errors="0">
  <testcase name="test" time="0.016" classname="practice.AssertEqualsTest"/>
</testsuite> <!-- practice.AssertEqualsTest -->
